#
# There is insufficient memory for the Java Runtime Environment to continue.
# Native memory allocation (malloc) failed to allocate 1126896 bytes. Error detail: Chunk::new
# Possible reasons:
#   The system is out of physical RAM or swap space
#   This process is running with CompressedOops enabled, and the Java Heap may be blocking the growth of the native heap
# Possible solutions:
#   Reduce memory load on the system
#   Increase physical memory or swap space
#   Check if swap backing store is full
#   Decrease Java heap size (-Xmx/-Xms)
#   Decrease number of Java threads
#   Decrease Java thread stack sizes (-Xss)
#   Set larger code cache with -XX:ReservedCodeCacheSize=
#   JVM is running with Unscaled Compressed Oops mode in which the Java heap is
#     placed in the first 4GB address space. The Java Heap base address is the
#     maximum limit for the native heap growth. Please use -XX:HeapBaseMinAddress
#     to set the Java Heap base and to place the Java Heap above 4GB virtual address.
# This output file may be truncated or incomplete.
#
#  Out of Memory Error (arena.cpp:168), pid=13104, tid=20732
#
# JRE version: OpenJDK Runtime Environment (21.0.6) (build 21.0.6+-13355223-b631.42)
# Java VM: OpenJDK 64-Bit Server VM (21.0.6+-13355223-b631.42, mixed mode, tiered, compressed oops, compressed class ptrs, g1 gc, windows-amd64)
# No core dump will be written. Minidumps are not enabled by default on client versions of Windows
#

---------------  S U M M A R Y ------------

Command Line: git4idea.http.GitAskPassApp Username for 'https://github.com': 

Host: 11th Gen Intel(R) Core(TM) i3-1115G4 @ 3.00GHz, 4 cores, 7G,  Windows 11 , 64 bit Build 22621 (10.0.22621.5415)
Time: Tue Jul  8 00:20:21 2025 Malay Peninsula Standard Time elapsed time: 0.747564 seconds (0d 0h 0m 0s)

---------------  T H R E A D  ---------------

Current thread (0x000001d9d6c0ecf0):  JavaThread "C2 CompilerThread0" daemon [_thread_in_native, id=20732, stack(0x0000002460100000,0x0000002460200000) (1024K)]


Current CompileTask:
C2:747 1105       4       sun.security.ec.ECOperations::setDouble (463 bytes)

Stack: [0x0000002460100000,0x0000002460200000]
Native frames: (J=compiled Java code, j=interpreted, Vv=VM code, C=native code)
V  [jvm.dll+0x6d05a9]
V  [jvm.dll+0x85ea73]
V  [jvm.dll+0x860fce]
V  [jvm.dll+0x8616b3]
V  [jvm.dll+0x27e6e6]
V  [jvm.dll+0xbff6d]
V  [jvm.dll+0xc04a3]
V  [jvm.dll+0x3b6131]
V  [jvm.dll+0x382097]
V  [jvm.dll+0x38150a]
V  [jvm.dll+0x247c82]
V  [jvm.dll+0x247251]
V  [jvm.dll+0x1c5f04]
V  [jvm.dll+0x2569ac]
V  [jvm.dll+0x254ef6]
V  [jvm.dll+0x3f0e56]
V  [jvm.dll+0x806e48]
V  [jvm.dll+0x6cee7d]
C  [ucrtbase.dll+0x29333]
C  [KERNEL32.DLL+0x1259d]
C  [ntdll.dll+0x5af78]


---------------  P R O C E S S  ---------------

Threads class SMR info:
_java_thread_list=0x000001d9db3b7380, length=15, elements={
0x000001d9bfcef740, 0x000001d9d6c27330, 0x000001d9d6c01900, 0x000001d9d6c02bc0,
0x000001d9d6c03610, 0x000001d9d6c47fe0, 0x000001d9d6c0e360, 0x000001d9d6c0ecf0,
0x000001d9d6c65b10, 0x000001d9d6e03e60, 0x000001d9d6e15ec0, 0x000001d9db353140,
0x000001d9db405350, 0x000001d9db40adc0, 0x000001d9db40b820
}

Java Threads: ( => current thread )
  0x000001d9bfcef740 JavaThread "main"                              [_thread_blocked, id=19284, stack(0x000000245f300000,0x000000245f400000) (1024K)]
  0x000001d9d6c27330 JavaThread "Reference Handler"          daemon [_thread_blocked, id=11084, stack(0x000000245fb00000,0x000000245fc00000) (1024K)]
  0x000001d9d6c01900 JavaThread "Finalizer"                  daemon [_thread_blocked, id=10320, stack(0x000000245fc00000,0x000000245fd00000) (1024K)]
  0x000001d9d6c02bc0 JavaThread "Signal Dispatcher"          daemon [_thread_blocked, id=19540, stack(0x000000245fd00000,0x000000245fe00000) (1024K)]
  0x000001d9d6c03610 JavaThread "Attach Listener"            daemon [_thread_blocked, id=16204, stack(0x000000245fe00000,0x000000245ff00000) (1024K)]
  0x000001d9d6c47fe0 JavaThread "Service Thread"             daemon [_thread_blocked, id=18152, stack(0x000000245ff00000,0x0000002460000000) (1024K)]
  0x000001d9d6c0e360 JavaThread "Monitor Deflation Thread"   daemon [_thread_blocked, id=18204, stack(0x0000002460000000,0x0000002460100000) (1024K)]
=>0x000001d9d6c0ecf0 JavaThread "C2 CompilerThread0"         daemon [_thread_in_native, id=20732, stack(0x0000002460100000,0x0000002460200000) (1024K)]
  0x000001d9d6c65b10 JavaThread "C1 CompilerThread0"         daemon [_thread_blocked, id=8540, stack(0x0000002460200000,0x0000002460300000) (1024K)]
  0x000001d9d6e03e60 JavaThread "Notification Thread"        daemon [_thread_blocked, id=7016, stack(0x0000002460300000,0x0000002460400000) (1024K)]
  0x000001d9d6e15ec0 JavaThread "Common-Cleaner"             daemon [_thread_blocked, id=16824, stack(0x0000002460400000,0x0000002460500000) (1024K)]
  0x000001d9db353140 JavaThread "HttpClient-1-SelectorManager" daemon [_thread_in_native, id=18828, stack(0x0000002460500000,0x0000002460600000) (1024K)]
  0x000001d9db405350 JavaThread "HttpClient-1-Worker-0"      daemon [_thread_blocked, id=8812, stack(0x0000002460700000,0x0000002460800000) (1024K)]
  0x000001d9db40adc0 JavaThread "HttpClient-1-Worker-1"      daemon [_thread_blocked, id=13756, stack(0x0000002460800000,0x0000002460900000) (1024K)]
  0x000001d9db40b820 JavaThread "C2 CompilerThread1"         daemon [_thread_blocked, id=11464, stack(0x0000002460900000,0x0000002460a00000) (1024K)]
Total: 15

Other Threads:
  0x000001d9d6a88200 VMThread "VM Thread"                           [id=13936, stack(0x000000245fa00000,0x000000245fb00000) (1024K)]
  0x000001d9d69f4900 WatcherThread "VM Periodic Task Thread"        [id=21376, stack(0x000000245f900000,0x000000245fa00000) (1024K)]
  0x000001d9bfd3dcd0 WorkerThread "GC Thread#0"                     [id=16080, stack(0x000000245f400000,0x000000245f500000) (1024K)]
  0x000001d9db4db120 WorkerThread "GC Thread#1"                     [id=20244, stack(0x0000002460a00000,0x0000002460b00000) (1024K)]
  0x000001d9db7204d0 WorkerThread "GC Thread#2"                     [id=2224, stack(0x0000002460b00000,0x0000002460c00000) (1024K)]
  0x000001d9db40c6a0 WorkerThread "GC Thread#3"                     [id=16780, stack(0x0000002460c00000,0x0000002460d00000) (1024K)]
  0x000001d9bfd4e670 ConcurrentGCThread "G1 Main Marker"            [id=16640, stack(0x000000245f500000,0x000000245f600000) (1024K)]
  0x000001d9bfd4f170 WorkerThread "G1 Conc#0"                       [id=15852, stack(0x000000245f600000,0x000000245f700000) (1024K)]
  0x000001d9d68c34e0 ConcurrentGCThread "G1 Refine#0"               [id=18840, stack(0x000000245f700000,0x000000245f800000) (1024K)]
  0x000001d9d68c3df0 ConcurrentGCThread "G1 Service"                [id=12000, stack(0x000000245f800000,0x000000245f900000) (1024K)]
Total: 10

Threads with active compile tasks:
C2 CompilerThread0  770 1105       4       sun.security.ec.ECOperations::setDouble (463 bytes)
Total: 1

VM state: not at safepoint (normal execution)

VM Mutex/Monitor currently owned by a thread: None

Heap address: 0x0000000083200000, size: 1998 MB, Compressed Oops mode: 32-bit

CDS archive(s) not mapped
Compressed class space mapped at: 0x0000000100000000-0x0000000140000000, reserved size: 1073741824
Narrow klass base: 0x0000000000000000, Narrow klass shift: 3, Narrow klass range: 0x140000000

GC Precious Log:
 CardTable entry size: 512
 Card Set container configuration: InlinePtr #cards 5 size 8 Array Of Cards #cards 12 size 40 Howl #buckets 4 coarsen threshold 1843 Howl Bitmap #cards 512 size 80 coarsen threshold 460 Card regions per heap region 1 cards per card region 2048
 CPUs: 4 total, 4 available
 Memory: 7991M
 Large Page Support: Disabled
 NUMA Support: Disabled
 Compressed Oops: Enabled (32-bit)
 Heap Region Size: 1M
 Heap Min Capacity: 8M
 Heap Initial Capacity: 126M
 Heap Max Capacity: 1998M
 Pre-touch: Disabled
 Parallel Workers: 4
 Concurrent Workers: 1
 Concurrent Refinement Workers: 4
 Periodic GC: Disabled

Heap:
 garbage-first heap   total 129024K, used 4402K [0x0000000083200000, 0x0000000100000000)
  region size 1024K, 5 young (5120K), 2 survivors (2048K)
 Metaspace       used 16949K, committed 17216K, reserved 1114112K
  class space    used 1794K, committed 1920K, reserved 1048576K

Heap Regions: E=young(eden), S=young(survivor), O=old, HS=humongous(starts), HC=humongous(continues), CS=collection set, F=free, TAMS=top-at-mark-start, PB=parsable bottom
|   0|0x0000000083200000, 0x000000008324ca38, 0x0000000083300000| 29%| O|  |TAMS 0x0000000083200000| PB 0x0000000083200000| Untracked 
|   1|0x0000000083300000, 0x0000000083300000, 0x0000000083400000|  0%| F|  |TAMS 0x0000000083300000| PB 0x0000000083300000| Untracked 
|   2|0x0000000083400000, 0x0000000083400000, 0x0000000083500000|  0%| F|  |TAMS 0x0000000083400000| PB 0x0000000083400000| Untracked 
|   3|0x0000000083500000, 0x0000000083500000, 0x0000000083600000|  0%| F|  |TAMS 0x0000000083500000| PB 0x0000000083500000| Untracked 
|   4|0x0000000083600000, 0x0000000083600000, 0x0000000083700000|  0%| F|  |TAMS 0x0000000083600000| PB 0x0000000083600000| Untracked 
|   5|0x0000000083700000, 0x0000000083700000, 0x0000000083800000|  0%| F|  |TAMS 0x0000000083700000| PB 0x0000000083700000| Untracked 
|   6|0x0000000083800000, 0x0000000083800000, 0x0000000083900000|  0%| F|  |TAMS 0x0000000083800000| PB 0x0000000083800000| Untracked 
|   7|0x0000000083900000, 0x0000000083900000, 0x0000000083a00000|  0%| F|  |TAMS 0x0000000083900000| PB 0x0000000083900000| Untracked 
|   8|0x0000000083a00000, 0x0000000083a00000, 0x0000000083b00000|  0%| F|  |TAMS 0x0000000083a00000| PB 0x0000000083a00000| Untracked 
|   9|0x0000000083b00000, 0x0000000083b00000, 0x0000000083c00000|  0%| F|  |TAMS 0x0000000083b00000| PB 0x0000000083b00000| Untracked 
|  10|0x0000000083c00000, 0x0000000083c00000, 0x0000000083d00000|  0%| F|  |TAMS 0x0000000083c00000| PB 0x0000000083c00000| Untracked 
|  11|0x0000000083d00000, 0x0000000083d00000, 0x0000000083e00000|  0%| F|  |TAMS 0x0000000083d00000| PB 0x0000000083d00000| Untracked 
|  12|0x0000000083e00000, 0x0000000083e00000, 0x0000000083f00000|  0%| F|  |TAMS 0x0000000083e00000| PB 0x0000000083e00000| Untracked 
|  13|0x0000000083f00000, 0x0000000083f00000, 0x0000000084000000|  0%| F|  |TAMS 0x0000000083f00000| PB 0x0000000083f00000| Untracked 
|  14|0x0000000084000000, 0x0000000084000000, 0x0000000084100000|  0%| F|  |TAMS 0x0000000084000000| PB 0x0000000084000000| Untracked 
|  15|0x0000000084100000, 0x0000000084100000, 0x0000000084200000|  0%| F|  |TAMS 0x0000000084100000| PB 0x0000000084100000| Untracked 
|  16|0x0000000084200000, 0x0000000084200000, 0x0000000084300000|  0%| F|  |TAMS 0x0000000084200000| PB 0x0000000084200000| Untracked 
|  17|0x0000000084300000, 0x0000000084300000, 0x0000000084400000|  0%| F|  |TAMS 0x0000000084300000| PB 0x0000000084300000| Untracked 
|  18|0x0000000084400000, 0x0000000084400000, 0x0000000084500000|  0%| F|  |TAMS 0x0000000084400000| PB 0x0000000084400000| Untracked 
|  19|0x0000000084500000, 0x0000000084500000, 0x0000000084600000|  0%| F|  |TAMS 0x0000000084500000| PB 0x0000000084500000| Untracked 
|  20|0x0000000084600000, 0x0000000084600000, 0x0000000084700000|  0%| F|  |TAMS 0x0000000084600000| PB 0x0000000084600000| Untracked 
|  21|0x0000000084700000, 0x0000000084700000, 0x0000000084800000|  0%| F|  |TAMS 0x0000000084700000| PB 0x0000000084700000| Untracked 
|  22|0x0000000084800000, 0x0000000084800000, 0x0000000084900000|  0%| F|  |TAMS 0x0000000084800000| PB 0x0000000084800000| Untracked 
|  23|0x0000000084900000, 0x0000000084900000, 0x0000000084a00000|  0%| F|  |TAMS 0x0000000084900000| PB 0x0000000084900000| Untracked 
|  24|0x0000000084a00000, 0x0000000084a00000, 0x0000000084b00000|  0%| F|  |TAMS 0x0000000084a00000| PB 0x0000000084a00000| Untracked 
|  25|0x0000000084b00000, 0x0000000084b00000, 0x0000000084c00000|  0%| F|  |TAMS 0x0000000084b00000| PB 0x0000000084b00000| Untracked 
|  26|0x0000000084c00000, 0x0000000084c00000, 0x0000000084d00000|  0%| F|  |TAMS 0x0000000084c00000| PB 0x0000000084c00000| Untracked 
|  27|0x0000000084d00000, 0x0000000084d00000, 0x0000000084e00000|  0%| F|  |TAMS 0x0000000084d00000| PB 0x0000000084d00000| Untracked 
|  28|0x0000000084e00000, 0x0000000084e00000, 0x0000000084f00000|  0%| F|  |TAMS 0x0000000084e00000| PB 0x0000000084e00000| Untracked 
|  29|0x0000000084f00000, 0x0000000084f00000, 0x0000000085000000|  0%| F|  |TAMS 0x0000000084f00000| PB 0x0000000084f00000| Untracked 
|  30|0x0000000085000000, 0x0000000085000000, 0x0000000085100000|  0%| F|  |TAMS 0x0000000085000000| PB 0x0000000085000000| Untracked 
|  31|0x0000000085100000, 0x0000000085100000, 0x0000000085200000|  0%| F|  |TAMS 0x0000000085100000| PB 0x0000000085100000| Untracked 
|  32|0x0000000085200000, 0x0000000085200000, 0x0000000085300000|  0%| F|  |TAMS 0x0000000085200000| PB 0x0000000085200000| Untracked 
|  33|0x0000000085300000, 0x0000000085300000, 0x0000000085400000|  0%| F|  |TAMS 0x0000000085300000| PB 0x0000000085300000| Untracked 
|  34|0x0000000085400000, 0x0000000085400000, 0x0000000085500000|  0%| F|  |TAMS 0x0000000085400000| PB 0x0000000085400000| Untracked 
|  35|0x0000000085500000, 0x0000000085500000, 0x0000000085600000|  0%| F|  |TAMS 0x0000000085500000| PB 0x0000000085500000| Untracked 
|  36|0x0000000085600000, 0x0000000085600000, 0x0000000085700000|  0%| F|  |TAMS 0x0000000085600000| PB 0x0000000085600000| Untracked 
|  37|0x0000000085700000, 0x0000000085700000, 0x0000000085800000|  0%| F|  |TAMS 0x0000000085700000| PB 0x0000000085700000| Untracked 
|  38|0x0000000085800000, 0x0000000085800000, 0x0000000085900000|  0%| F|  |TAMS 0x0000000085800000| PB 0x0000000085800000| Untracked 
|  39|0x0000000085900000, 0x0000000085900000, 0x0000000085a00000|  0%| F|  |TAMS 0x0000000085900000| PB 0x0000000085900000| Untracked 
|  40|0x0000000085a00000, 0x0000000085a00000, 0x0000000085b00000|  0%| F|  |TAMS 0x0000000085a00000| PB 0x0000000085a00000| Untracked 
|  41|0x0000000085b00000, 0x0000000085b00000, 0x0000000085c00000|  0%| F|  |TAMS 0x0000000085b00000| PB 0x0000000085b00000| Untracked 
|  42|0x0000000085c00000, 0x0000000085c00000, 0x0000000085d00000|  0%| F|  |TAMS 0x0000000085c00000| PB 0x0000000085c00000| Untracked 
|  43|0x0000000085d00000, 0x0000000085d00000, 0x0000000085e00000|  0%| F|  |TAMS 0x0000000085d00000| PB 0x0000000085d00000| Untracked 
|  44|0x0000000085e00000, 0x0000000085e00000, 0x0000000085f00000|  0%| F|  |TAMS 0x0000000085e00000| PB 0x0000000085e00000| Untracked 
|  45|0x0000000085f00000, 0x0000000085f00000, 0x0000000086000000|  0%| F|  |TAMS 0x0000000085f00000| PB 0x0000000085f00000| Untracked 
|  46|0x0000000086000000, 0x0000000086000000, 0x0000000086100000|  0%| F|  |TAMS 0x0000000086000000| PB 0x0000000086000000| Untracked 
|  47|0x0000000086100000, 0x0000000086100000, 0x0000000086200000|  0%| F|  |TAMS 0x0000000086100000| PB 0x0000000086100000| Untracked 
|  48|0x0000000086200000, 0x0000000086200000, 0x0000000086300000|  0%| F|  |TAMS 0x0000000086200000| PB 0x0000000086200000| Untracked 
|  49|0x0000000086300000, 0x0000000086300000, 0x0000000086400000|  0%| F|  |TAMS 0x0000000086300000| PB 0x0000000086300000| Untracked 
|  50|0x0000000086400000, 0x0000000086400000, 0x0000000086500000|  0%| F|  |TAMS 0x0000000086400000| PB 0x0000000086400000| Untracked 
|  51|0x0000000086500000, 0x0000000086500000, 0x0000000086600000|  0%| F|  |TAMS 0x0000000086500000| PB 0x0000000086500000| Untracked 
|  52|0x0000000086600000, 0x0000000086600000, 0x0000000086700000|  0%| F|  |TAMS 0x0000000086600000| PB 0x0000000086600000| Untracked 
|  53|0x0000000086700000, 0x0000000086700000, 0x0000000086800000|  0%| F|  |TAMS 0x0000000086700000| PB 0x0000000086700000| Untracked 
|  54|0x0000000086800000, 0x0000000086800000, 0x0000000086900000|  0%| F|  |TAMS 0x0000000086800000| PB 0x0000000086800000| Untracked 
|  55|0x0000000086900000, 0x0000000086900000, 0x0000000086a00000|  0%| F|  |TAMS 0x0000000086900000| PB 0x0000000086900000| Untracked 
|  56|0x0000000086a00000, 0x0000000086a00000, 0x0000000086b00000|  0%| F|  |TAMS 0x0000000086a00000| PB 0x0000000086a00000| Untracked 
|  57|0x0000000086b00000, 0x0000000086b00000, 0x0000000086c00000|  0%| F|  |TAMS 0x0000000086b00000| PB 0x0000000086b00000| Untracked 
|  58|0x0000000086c00000, 0x0000000086c00000, 0x0000000086d00000|  0%| F|  |TAMS 0x0000000086c00000| PB 0x0000000086c00000| Untracked 
|  59|0x0000000086d00000, 0x0000000086d00000, 0x0000000086e00000|  0%| F|  |TAMS 0x0000000086d00000| PB 0x0000000086d00000| Untracked 
|  60|0x0000000086e00000, 0x0000000086e00000, 0x0000000086f00000|  0%| F|  |TAMS 0x0000000086e00000| PB 0x0000000086e00000| Untracked 
|  61|0x0000000086f00000, 0x0000000086f00000, 0x0000000087000000|  0%| F|  |TAMS 0x0000000086f00000| PB 0x0000000086f00000| Untracked 
|  62|0x0000000087000000, 0x0000000087000000, 0x0000000087100000|  0%| F|  |TAMS 0x0000000087000000| PB 0x0000000087000000| Untracked 
|  63|0x0000000087100000, 0x0000000087100000, 0x0000000087200000|  0%| F|  |TAMS 0x0000000087100000| PB 0x0000000087100000| Untracked 
|  64|0x0000000087200000, 0x0000000087200000, 0x0000000087300000|  0%| F|  |TAMS 0x0000000087200000| PB 0x0000000087200000| Untracked 
|  65|0x0000000087300000, 0x0000000087300000, 0x0000000087400000|  0%| F|  |TAMS 0x0000000087300000| PB 0x0000000087300000| Untracked 
|  66|0x0000000087400000, 0x0000000087400000, 0x0000000087500000|  0%| F|  |TAMS 0x0000000087400000| PB 0x0000000087400000| Untracked 
|  67|0x0000000087500000, 0x0000000087500000, 0x0000000087600000|  0%| F|  |TAMS 0x0000000087500000| PB 0x0000000087500000| Untracked 
|  68|0x0000000087600000, 0x0000000087600000, 0x0000000087700000|  0%| F|  |TAMS 0x0000000087600000| PB 0x0000000087600000| Untracked 
|  69|0x0000000087700000, 0x0000000087700000, 0x0000000087800000|  0%| F|  |TAMS 0x0000000087700000| PB 0x0000000087700000| Untracked 
|  70|0x0000000087800000, 0x0000000087800000, 0x0000000087900000|  0%| F|  |TAMS 0x0000000087800000| PB 0x0000000087800000| Untracked 
|  71|0x0000000087900000, 0x0000000087900000, 0x0000000087a00000|  0%| F|  |TAMS 0x0000000087900000| PB 0x0000000087900000| Untracked 
|  72|0x0000000087a00000, 0x0000000087a00000, 0x0000000087b00000|  0%| F|  |TAMS 0x0000000087a00000| PB 0x0000000087a00000| Untracked 
|  73|0x0000000087b00000, 0x0000000087b00000, 0x0000000087c00000|  0%| F|  |TAMS 0x0000000087b00000| PB 0x0000000087b00000| Untracked 
|  74|0x0000000087c00000, 0x0000000087c00000, 0x0000000087d00000|  0%| F|  |TAMS 0x0000000087c00000| PB 0x0000000087c00000| Untracked 
|  75|0x0000000087d00000, 0x0000000087d00000, 0x0000000087e00000|  0%| F|  |TAMS 0x0000000087d00000| PB 0x0000000087d00000| Untracked 
|  76|0x0000000087e00000, 0x0000000087e00000, 0x0000000087f00000|  0%| F|  |TAMS 0x0000000087e00000| PB 0x0000000087e00000| Untracked 
|  77|0x0000000087f00000, 0x0000000087f00000, 0x0000000088000000|  0%| F|  |TAMS 0x0000000087f00000| PB 0x0000000087f00000| Untracked 
|  78|0x0000000088000000, 0x0000000088000000, 0x0000000088100000|  0%| F|  |TAMS 0x0000000088000000| PB 0x0000000088000000| Untracked 
|  79|0x0000000088100000, 0x0000000088100000, 0x0000000088200000|  0%| F|  |TAMS 0x0000000088100000| PB 0x0000000088100000| Untracked 
|  80|0x0000000088200000, 0x0000000088200000, 0x0000000088300000|  0%| F|  |TAMS 0x0000000088200000| PB 0x0000000088200000| Untracked 
|  81|0x0000000088300000, 0x0000000088300000, 0x0000000088400000|  0%| F|  |TAMS 0x0000000088300000| PB 0x0000000088300000| Untracked 
|  82|0x0000000088400000, 0x0000000088400000, 0x0000000088500000|  0%| F|  |TAMS 0x0000000088400000| PB 0x0000000088400000| Untracked 
|  83|0x0000000088500000, 0x0000000088500000, 0x0000000088600000|  0%| F|  |TAMS 0x0000000088500000| PB 0x0000000088500000| Untracked 
|  84|0x0000000088600000, 0x0000000088600000, 0x0000000088700000|  0%| F|  |TAMS 0x0000000088600000| PB 0x0000000088600000| Untracked 
|  85|0x0000000088700000, 0x0000000088700000, 0x0000000088800000|  0%| F|  |TAMS 0x0000000088700000| PB 0x0000000088700000| Untracked 
|  86|0x0000000088800000, 0x0000000088800000, 0x0000000088900000|  0%| F|  |TAMS 0x0000000088800000| PB 0x0000000088800000| Untracked 
|  87|0x0000000088900000, 0x0000000088900000, 0x0000000088a00000|  0%| F|  |TAMS 0x0000000088900000| PB 0x0000000088900000| Untracked 
|  88|0x0000000088a00000, 0x0000000088a00000, 0x0000000088b00000|  0%| F|  |TAMS 0x0000000088a00000| PB 0x0000000088a00000| Untracked 
|  89|0x0000000088b00000, 0x0000000088b00000, 0x0000000088c00000|  0%| F|  |TAMS 0x0000000088b00000| PB 0x0000000088b00000| Untracked 
|  90|0x0000000088c00000, 0x0000000088c00000, 0x0000000088d00000|  0%| F|  |TAMS 0x0000000088c00000| PB 0x0000000088c00000| Untracked 
|  91|0x0000000088d00000, 0x0000000088d00000, 0x0000000088e00000|  0%| F|  |TAMS 0x0000000088d00000| PB 0x0000000088d00000| Untracked 
|  92|0x0000000088e00000, 0x0000000088e00000, 0x0000000088f00000|  0%| F|  |TAMS 0x0000000088e00000| PB 0x0000000088e00000| Untracked 
|  93|0x0000000088f00000, 0x0000000088f00000, 0x0000000089000000|  0%| F|  |TAMS 0x0000000088f00000| PB 0x0000000088f00000| Untracked 
|  94|0x0000000089000000, 0x0000000089000000, 0x0000000089100000|  0%| F|  |TAMS 0x0000000089000000| PB 0x0000000089000000| Untracked 
|  95|0x0000000089100000, 0x0000000089100000, 0x0000000089200000|  0%| F|  |TAMS 0x0000000089100000| PB 0x0000000089100000| Untracked 
|  96|0x0000000089200000, 0x0000000089200000, 0x0000000089300000|  0%| F|  |TAMS 0x0000000089200000| PB 0x0000000089200000| Untracked 
|  97|0x0000000089300000, 0x0000000089300000, 0x0000000089400000|  0%| F|  |TAMS 0x0000000089300000| PB 0x0000000089300000| Untracked 
|  98|0x0000000089400000, 0x0000000089400000, 0x0000000089500000|  0%| F|  |TAMS 0x0000000089400000| PB 0x0000000089400000| Untracked 
|  99|0x0000000089500000, 0x0000000089500000, 0x0000000089600000|  0%| F|  |TAMS 0x0000000089500000| PB 0x0000000089500000| Untracked 
| 100|0x0000000089600000, 0x0000000089600000, 0x0000000089700000|  0%| F|  |TAMS 0x0000000089600000| PB 0x0000000089600000| Untracked 
| 101|0x0000000089700000, 0x0000000089700000, 0x0000000089800000|  0%| F|  |TAMS 0x0000000089700000| PB 0x0000000089700000| Untracked 
| 102|0x0000000089800000, 0x0000000089800000, 0x0000000089900000|  0%| F|  |TAMS 0x0000000089800000| PB 0x0000000089800000| Untracked 
| 103|0x0000000089900000, 0x0000000089900000, 0x0000000089a00000|  0%| F|  |TAMS 0x0000000089900000| PB 0x0000000089900000| Untracked 
| 104|0x0000000089a00000, 0x0000000089a00000, 0x0000000089b00000|  0%| F|  |TAMS 0x0000000089a00000| PB 0x0000000089a00000| Untracked 
| 105|0x0000000089b00000, 0x0000000089b00000, 0x0000000089c00000|  0%| F|  |TAMS 0x0000000089b00000| PB 0x0000000089b00000| Untracked 
| 106|0x0000000089c00000, 0x0000000089c00000, 0x0000000089d00000|  0%| F|  |TAMS 0x0000000089c00000| PB 0x0000000089c00000| Untracked 
| 107|0x0000000089d00000, 0x0000000089d00000, 0x0000000089e00000|  0%| F|  |TAMS 0x0000000089d00000| PB 0x0000000089d00000| Untracked 
| 108|0x0000000089e00000, 0x0000000089e00000, 0x0000000089f00000|  0%| F|  |TAMS 0x0000000089e00000| PB 0x0000000089e00000| Untracked 
| 109|0x0000000089f00000, 0x0000000089f00000, 0x000000008a000000|  0%| F|  |TAMS 0x0000000089f00000| PB 0x0000000089f00000| Untracked 
| 110|0x000000008a000000, 0x000000008a000000, 0x000000008a100000|  0%| F|  |TAMS 0x000000008a000000| PB 0x000000008a000000| Untracked 
| 111|0x000000008a100000, 0x000000008a200000, 0x000000008a200000|100%| S|CS|TAMS 0x000000008a100000| PB 0x000000008a100000| Complete 
| 112|0x000000008a200000, 0x000000008a300000, 0x000000008a300000|100%| S|CS|TAMS 0x000000008a200000| PB 0x000000008a200000| Complete 
| 113|0x000000008a300000, 0x000000008a300000, 0x000000008a400000|  0%| F|  |TAMS 0x000000008a300000| PB 0x000000008a300000| Untracked 
| 114|0x000000008a400000, 0x000000008a400000, 0x000000008a500000|  0%| F|  |TAMS 0x000000008a400000| PB 0x000000008a400000| Untracked 
| 115|0x000000008a500000, 0x000000008a500000, 0x000000008a600000|  0%| F|  |TAMS 0x000000008a500000| PB 0x000000008a500000| Untracked 
| 116|0x000000008a600000, 0x000000008a600000, 0x000000008a700000|  0%| F|  |TAMS 0x000000008a600000| PB 0x000000008a600000| Untracked 
| 117|0x000000008a700000, 0x000000008a700000, 0x000000008a800000|  0%| F|  |TAMS 0x000000008a700000| PB 0x000000008a700000| Untracked 
| 118|0x000000008a800000, 0x000000008a800000, 0x000000008a900000|  0%| F|  |TAMS 0x000000008a800000| PB 0x000000008a800000| Untracked 
| 119|0x000000008a900000, 0x000000008a900000, 0x000000008aa00000|  0%| F|  |TAMS 0x000000008a900000| PB 0x000000008a900000| Untracked 
| 120|0x000000008aa00000, 0x000000008aa00000, 0x000000008ab00000|  0%| F|  |TAMS 0x000000008aa00000| PB 0x000000008aa00000| Untracked 
| 121|0x000000008ab00000, 0x000000008ab00000, 0x000000008ac00000|  0%| F|  |TAMS 0x000000008ab00000| PB 0x000000008ab00000| Untracked 
| 122|0x000000008ac00000, 0x000000008ac00000, 0x000000008ad00000|  0%| F|  |TAMS 0x000000008ac00000| PB 0x000000008ac00000| Untracked 
| 123|0x000000008ad00000, 0x000000008ad20108, 0x000000008ae00000| 12%| E|  |TAMS 0x000000008ad00000| PB 0x000000008ad00000| Complete 
| 124|0x000000008ae00000, 0x000000008af00000, 0x000000008af00000|100%| E|CS|TAMS 0x000000008ae00000| PB 0x000000008ae00000| Complete 
| 125|0x000000008af00000, 0x000000008b000000, 0x000000008b000000|100%| E|CS|TAMS 0x000000008af00000| PB 0x000000008af00000| Complete 

Card table byte_map: [0x000001d9d2230000,0x000001d9d2620000] _byte_map_base: 0x000001d9d1e17000

Marking Bits: (CMBitMap*) 0x000001d9bfd3e3d0
 Bits: [0x000001d9d2620000, 0x000001d9d4558000)

Polling page: 0x000001d9bf4b0000

Metaspace:

Usage:
  Non-class:     14.80 MB used.
      Class:      1.75 MB used.
       Both:     16.55 MB used.

Virtual space:
  Non-class space:       64.00 MB reserved,      14.94 MB ( 23%) committed,  1 nodes.
      Class space:        1.00 GB reserved,       1.88 MB ( <1%) committed,  1 nodes.
             Both:        1.06 GB reserved,      16.81 MB (  2%) committed. 

Chunk freelists:
   Non-Class:  768.00 KB
       Class:  14.13 MB
        Both:  14.88 MB

MaxMetaspaceSize: unlimited
CompressedClassSpaceSize: 1.00 GB
Initial GC threshold: 21.00 MB
Current GC threshold: 21.00 MB
CDS: off
 - commit_granule_bytes: 65536.
 - commit_granule_words: 8192.
 - virtual_space_node_default_size: 8388608.
 - enlarge_chunks_in_place: 1.
 - use_allocation_guard: 0.


Internal statistics:

num_allocs_failed_limit: 0.
num_arena_births: 244.
num_arena_deaths: 0.
num_vsnodes_births: 2.
num_vsnodes_deaths: 0.
num_space_committed: 269.
num_space_uncommitted: 0.
num_chunks_returned_to_freelist: 0.
num_chunks_taken_from_freelist: 453.
num_chunk_merges: 0.
num_chunk_splits: 242.
num_chunks_enlarged: 100.
num_inconsistent_stats: 0.

CodeHeap 'non-profiled nmethods': size=120000Kb used=412Kb max_used=412Kb free=119587Kb
 bounds [0x000001d9ca910000, 0x000001d9cab80000, 0x000001d9d1e40000]
CodeHeap 'profiled nmethods': size=120000Kb used=1944Kb max_used=1944Kb free=118055Kb
 bounds [0x000001d9c2e40000, 0x000001d9c30b0000, 0x000001d9ca370000]
CodeHeap 'non-nmethods': size=5760Kb used=1549Kb max_used=1563Kb free=4210Kb
 bounds [0x000001d9ca370000, 0x000001d9ca5e0000, 0x000001d9ca910000]
 total_blobs=1726 nmethods=1211 adapters=420
 compilation: enabled
              stopped_count=0, restarted_count=0
 full_count=0

Compilation events (20 events):
Event: 0.733 Thread 0x000001d9db40b820 nmethod 1162 0x000001d9ca974310 code [0x000001d9ca9744a0, 0x000001d9ca974548]
Event: 0.733 Thread 0x000001d9d6c65b10 nmethod 1161 0x000001d9c3008e90 code [0x000001d9c3009040, 0x000001d9c30093f8]
Event: 0.738 Thread 0x000001d9d6c65b10 1163       3       jdk.internal.loader.ClassLoaders$BootClassLoader::loadClassOrNull (10 bytes)
Event: 0.738 Thread 0x000001d9d6c65b10 nmethod 1163 0x000001d9c3009590 code [0x000001d9c3009760, 0x000001d9c30099f0]
Event: 0.738 Thread 0x000001d9d6c65b10 1164       3       jdk.internal.jimage.decompressor.ZipDecompressor::decompress (81 bytes)
Event: 0.739 Thread 0x000001d9d6c65b10 nmethod 1164 0x000001d9c3009b10 code [0x000001d9c3009d80, 0x000001d9c300a800]
Event: 0.742 Thread 0x000001d9d6c65b10 1165   !   3       jdk.internal.loader.BuiltinClassLoader::defineClass (162 bytes)
Event: 0.743 Thread 0x000001d9db40b820 1167   !   4       java.lang.ref.NativeReferenceQueue::poll (28 bytes)
Event: 0.744 Thread 0x000001d9d6c65b10 nmethod 1165 0x000001d9c300ac10 code [0x000001d9c300b100, 0x000001d9c300d780]
Event: 0.744 Thread 0x000001d9db40b820 nmethod 1167 0x000001d9ca974d10 code [0x000001d9ca974ea0, 0x000001d9ca975190]
Event: 0.744 Thread 0x000001d9d6c65b10 1166       3       java.nio.ByteBuffer::arrayOffset (35 bytes)
Event: 0.744 Thread 0x000001d9d6c65b10 nmethod 1166 0x000001d9c300ea90 code [0x000001d9c300ec60, 0x000001d9c300ef28]
Event: 0.744 Thread 0x000001d9d6c65b10 1169       3       jdk.internal.misc.Unsafe::checkSize (32 bytes)
Event: 0.744 Thread 0x000001d9d6c65b10 nmethod 1169 0x000001d9c300f090 code [0x000001d9c300f240, 0x000001d9c300f4a8]
Event: 0.744 Thread 0x000001d9d6c65b10 1170       3       java.lang.invoke.MemberName::<init> (139 bytes)
Event: 0.745 Thread 0x000001d9d6c65b10 nmethod 1170 0x000001d9c300f590 code [0x000001d9c300f8c0, 0x000001d9c30109c8]
Event: 0.745 Thread 0x000001d9d6c65b10 1171       3       java.lang.invoke.AbstractValidatingLambdaMetafactory::isAdaptableTo (126 bytes)
Event: 0.745 Thread 0x000001d9d6c65b10 nmethod 1171 0x000001d9c3010f10 code [0x000001d9c30111c0, 0x000001d9c3011b20]
Event: 0.745 Thread 0x000001d9d6c65b10 1172       3       java.lang.invoke.InnerClassLambdaMetafactory::getOpcodeOffset (38 bytes)
Event: 0.745 Thread 0x000001d9d6c65b10 nmethod 1172 0x000001d9c3011f10 code [0x000001d9c30120e0, 0x000001d9c3012398]

GC Heap History (2 events):
Event: 0.653 GC heap before
{Heap before GC invocations=0 (full 0):
 garbage-first heap   total 129024K, used 13312K [0x0000000083200000, 0x0000000100000000)
  region size 1024K, 13 young (13312K), 0 survivors (0K)
 Metaspace       used 15693K, committed 15936K, reserved 1114112K
  class space    used 1636K, committed 1728K, reserved 1048576K
}
Event: 0.658 GC heap after
{Heap after GC invocations=1 (full 0):
 garbage-first heap   total 129024K, used 2354K [0x0000000083200000, 0x0000000100000000)
  region size 1024K, 2 young (2048K), 2 survivors (2048K)
 Metaspace       used 15693K, committed 15936K, reserved 1114112K
  class space    used 1636K, committed 1728K, reserved 1048576K
}

Dll operation events (2 events):
Event: 0.007 Loaded shared library C:\Program Files\Android\Android Studio1\jbr\bin\java.dll
Event: 0.011 Loaded shared library C:\Program Files\Android\Android Studio1\jbr\bin\zip.dll

Deoptimization events (20 events):
Event: 0.695 Thread 0x000001d9db405350 Uncommon trap: trap_request=0xffffff66 fr.pc=0x000001d9ca96a7c0 relative=0x0000000000000260
Event: 0.695 Thread 0x000001d9db405350 Uncommon trap: reason=speculate_class_check action=maybe_recompile pc=0x000001d9ca96a7c0 method=sun.security.util.math.intpoly.IntegerPolynomial.multByInt([JJ)V @ 26 c2
Event: 0.695 Thread 0x000001d9db405350 DEOPT PACKING pc=0x000001d9ca96a7c0 sp=0x00000024607fe340
Event: 0.695 Thread 0x000001d9db405350 DEOPT UNPACKING pc=0x000001d9ca3c7da2 sp=0x00000024607fe290 mode 2
Event: 0.695 Thread 0x000001d9db405350 Uncommon trap: trap_request=0xffffffde fr.pc=0x000001d9ca965084 relative=0x00000000000001c4
Event: 0.695 Thread 0x000001d9db405350 Uncommon trap: reason=class_check action=maybe_recompile pc=0x000001d9ca965084 method=sun.security.util.math.intpoly.IntegerPolynomial.multByInt([JJ)V @ 26 c2
Event: 0.695 Thread 0x000001d9db405350 DEOPT PACKING pc=0x000001d9ca965084 sp=0x00000024607fe2c0
Event: 0.695 Thread 0x000001d9db405350 DEOPT UNPACKING pc=0x000001d9ca3c7da2 sp=0x00000024607fe290 mode 2
Event: 0.695 Thread 0x000001d9db405350 Uncommon trap: trap_request=0xffffffde fr.pc=0x000001d9ca965084 relative=0x00000000000001c4
Event: 0.695 Thread 0x000001d9db405350 Uncommon trap: reason=class_check action=maybe_recompile pc=0x000001d9ca965084 method=sun.security.util.math.intpoly.IntegerPolynomial.multByInt([JJ)V @ 26 c2
Event: 0.695 Thread 0x000001d9db405350 DEOPT PACKING pc=0x000001d9ca965084 sp=0x00000024607fe2c0
Event: 0.695 Thread 0x000001d9db405350 DEOPT UNPACKING pc=0x000001d9ca3c7da2 sp=0x00000024607fe290 mode 2
Event: 0.695 Thread 0x000001d9db405350 Uncommon trap: trap_request=0xffffffde fr.pc=0x000001d9ca965084 relative=0x00000000000001c4
Event: 0.695 Thread 0x000001d9db405350 Uncommon trap: reason=class_check action=maybe_recompile pc=0x000001d9ca965084 method=sun.security.util.math.intpoly.IntegerPolynomial.multByInt([JJ)V @ 26 c2
Event: 0.695 Thread 0x000001d9db405350 DEOPT PACKING pc=0x000001d9ca965084 sp=0x00000024607fe2c0
Event: 0.695 Thread 0x000001d9db405350 DEOPT UNPACKING pc=0x000001d9ca3c7da2 sp=0x00000024607fe290 mode 2
Event: 0.695 Thread 0x000001d9db405350 Uncommon trap: trap_request=0xffffffde fr.pc=0x000001d9ca965084 relative=0x00000000000001c4
Event: 0.695 Thread 0x000001d9db405350 Uncommon trap: reason=class_check action=maybe_recompile pc=0x000001d9ca965084 method=sun.security.util.math.intpoly.IntegerPolynomial.multByInt([JJ)V @ 26 c2
Event: 0.695 Thread 0x000001d9db405350 DEOPT PACKING pc=0x000001d9ca965084 sp=0x00000024607fe2c0
Event: 0.695 Thread 0x000001d9db405350 DEOPT UNPACKING pc=0x000001d9ca3c7da2 sp=0x00000024607fe290 mode 2

Classes loaded (20 events):
Event: 0.734 Loading class sun/security/ssl/Finished$T12VerifyDataGenerator
Event: 0.734 Loading class sun/security/ssl/Finished$T12VerifyDataGenerator done
Event: 0.734 Loading class sun/security/ssl/Finished$T13VerifyDataGenerator
Event: 0.734 Loading class sun/security/ssl/Finished$T13VerifyDataGenerator done
Event: 0.735 Loading class sun/security/ssl/Finished$1
Event: 0.735 Loading class sun/security/ssl/Finished$1 done
Event: 0.735 Loading class sun/security/ssl/SSLBasicKeyDerivation
Event: 0.735 Loading class sun/security/ssl/SSLBasicKeyDerivation done
Event: 0.735 Loading class sun/security/ssl/SSLBasicKeyDerivation$SecretSizeSpec
Event: 0.735 Loading class sun/security/ssl/SSLBasicKeyDerivation$SecretSizeSpec done
Event: 0.736 Loading class jdk/internal/event/TLSHandshakeEvent
Event: 0.736 Loading class jdk/internal/event/TLSHandshakeEvent done
Event: 0.736 Loading class com/sun/crypto/provider/GaloisCounterMode$GCMEncrypt
Event: 0.736 Loading class com/sun/crypto/provider/GaloisCounterMode$GCMEncrypt done
Event: 0.736 Loading class com/sun/crypto/provider/GaloisCounterMode$EncryptOp
Event: 0.736 Loading class com/sun/crypto/provider/GaloisCounterMode$EncryptOp done
Event: 0.737 Loading class sun/security/ssl/CipherSuite$1
Event: 0.737 Loading class sun/security/ssl/CipherSuite$1 done
Event: 0.738 Loading class java/util/concurrent/CompletionException
Event: 0.738 Loading class java/util/concurrent/CompletionException done

Classes unloaded (0 events):
No events

Classes redefined (0 events):
No events

Internal exceptions (20 events):
Event: 0.390 Thread 0x000001d9bfcef740 Exception <a 'java/lang/NoSuchMethodError'{0x000000008a910a18}: 'int java.lang.invoke.DirectMethodHandle$Holder.invokeStaticInit(java.lang.Object, long, long)'> (0x000000008a910a18) 
thrown [s\src\hotspot\share\interpreter\linkResolver.cpp, line 784]
Event: 0.391 Thread 0x000001d9bfcef740 Exception <a 'java/lang/NoSuchMethodError'{0x000000008a9174b0}: 'int java.lang.invoke.DirectMethodHandle$Holder.invokeStaticInit(java.lang.Object, float, float)'> (0x000000008a9174b0) 
thrown [s\src\hotspot\share\interpreter\linkResolver.cpp, line 784]
Event: 0.391 Thread 0x000001d9bfcef740 Exception <a 'java/lang/NoSuchMethodError'{0x000000008a91df40}: 'int java.lang.invoke.DirectMethodHandle$Holder.invokeStaticInit(java.lang.Object, double, double)'> (0x000000008a91df40) 
thrown [s\src\hotspot\share\interpreter\linkResolver.cpp, line 784]
Event: 0.392 Thread 0x000001d9bfcef740 Exception <a 'java/lang/NoSuchMethodError'{0x000000008a9225c8}: 'int java.lang.invoke.DirectMethodHandle$Holder.invokeStatic(java.lang.Object, long)'> (0x000000008a9225c8) 
thrown [s\src\hotspot\share\interpreter\linkResolver.cpp, line 784]
Event: 0.404 Thread 0x000001d9bfcef740 Exception <a 'java/lang/NoSuchMethodError'{0x000000008a94f720}: 'java.lang.Object java.lang.invoke.DelegatingMethodHandle$Holder.delegate(java.lang.Object, int, java.lang.Object, java.lang.Object)'> (0x000000008a94f720) 
thrown [s\src\hotspot\share\interpreter\linkResolver.cpp, line 784]
Event: 0.407 Thread 0x000001d9bfcef740 Exception <a 'java/lang/NoSuchMethodError'{0x000000008a95eaa8}: 'int java.lang.invoke.Invokers$Holder.linkToTargetMethod(java.lang.Object, java.lang.Object, java.lang.Object)'> (0x000000008a95eaa8) 
thrown [s\src\hotspot\share\interpreter\linkResolver.cpp, line 784]
Event: 0.411 Thread 0x000001d9bfcef740 Exception <a 'java/lang/NoSuchMethodError'{0x000000008a98dc60}: 'long java.lang.invoke.DirectMethodHandle$Holder.invokeSpecial(java.lang.Object, java.lang.Object)'> (0x000000008a98dc60) 
thrown [s\src\hotspot\share\interpreter\linkResolver.cpp, line 784]
Event: 0.412 Thread 0x000001d9bfcef740 Exception <a 'java/lang/NoSuchMethodError'{0x000000008a994530}: 'int java.lang.invoke.DirectMethodHandle$Holder.invokeStatic(java.lang.Object, java.lang.Object, java.lang.Object, java.lang.Object)'> (0x000000008a994530) 
thrown [s\src\hotspot\share\interpreter\linkResolver.cpp, line 784]
Event: 0.412 Thread 0x000001d9bfcef740 Exception <a 'java/lang/NoSuchMethodError'{0x000000008a997950}: 'java.lang.Object java.lang.invoke.Invokers$Holder.invokeExact_MT(java.lang.Object, java.lang.Object, java.lang.Object, java.lang.Object, java.lang.Object, java.lang.Object)'> (0x000000008a997950) 
thrown [s\src\hotspot\share\interpreter\linkResolver.cpp, line 784]
Event: 0.473 Thread 0x000001d9bfcef740 Exception <a 'java/lang/NoSuchMethodError'{0x000000008a76c3a8}: 'java.lang.Object java.lang.invoke.DirectMethodHandle$Holder.newInvokeSpecial(java.lang.Object, java.lang.Object, java.lang.Object, java.lang.Object, java.lang.Object)'> (0x000000008a76c3a8) 
thrown [s\src\hotspot\share\interpreter\linkResolver.cpp, line 784]
Event: 0.503 Thread 0x000001d9bfcef740 Exception <a 'java/lang/NoSuchMethodError'{0x000000008a6c8ae0}: 'java.lang.Object java.lang.invoke.DirectMethodHandle$Holder.invokeSpecial(java.lang.Object, java.lang.Object, java.lang.Object, java.lang.Object, int)'> (0x000000008a6c8ae0) 
thrown [s\src\hotspot\share\interpreter\linkResolver.cpp, line 784]
Event: 0.503 Thread 0x000001d9bfcef740 Exception <a 'java/lang/NoSuchMethodError'{0x000000008a6cc448}: 'java.lang.Object java.lang.invoke.Invokers$Holder.linkToTargetMethod(java.lang.Object, java.lang.Object, int, java.lang.Object)'> (0x000000008a6cc448) 
thrown [s\src\hotspot\share\interpreter\linkResolver.cpp, line 784]
Event: 0.513 Thread 0x000001d9bfcef740 Exception <a 'java/lang/NoSuchMethodError'{0x000000008a6f77b8}: 'void java.lang.invoke.DirectMethodHandle$Holder.invokeSpecial(java.lang.Object, java.lang.Object, java.lang.Object)'> (0x000000008a6f77b8) 
thrown [s\src\hotspot\share\interpreter\linkResolver.cpp, line 784]
Event: 0.529 Thread 0x000001d9db353140 Exception <a 'java/lang/NoSuchMethodError'{0x000000008a71e150}: 'void java.lang.invoke.DirectMethodHandle$Holder.invokeStatic(java.lang.Object, java.lang.Object, int)'> (0x000000008a71e150) 
thrown [s\src\hotspot\share\interpreter\linkResolver.cpp, line 784]
Event: 0.531 Thread 0x000001d9bfcef740 Exception <a 'java/lang/NoSuchMethodError'{0x000000008a57dd60}: 'void java.lang.invoke.DirectMethodHandle$Holder.invokeSpecial(java.lang.Object, java.lang.Object, java.lang.Object, java.lang.Object, java.lang.Object)'> (0x000000008a57dd60) 
thrown [s\src\hotspot\share\interpreter\linkResolver.cpp, line 784]
Event: 0.536 Thread 0x000001d9db353140 Exception <a 'java/lang/NoSuchMethodError'{0x000000008a5e31f8}: 'void java.lang.invoke.DirectMethodHandle$Holder.invokeStatic(java.lang.Object, java.lang.Object)'> (0x000000008a5e31f8) 
thrown [s\src\hotspot\share\interpreter\linkResolver.cpp, line 784]
Event: 0.537 Thread 0x000001d9db405350 Exception <a 'java/lang/NoSuchMethodError'{0x000000008a41f600}: 'void java.lang.invoke.DirectMethodHandle$Holder.invokeInterface(java.lang.Object, java.lang.Object, java.lang.Object)'> (0x000000008a41f600) 
thrown [s\src\hotspot\share\interpreter\linkResolver.cpp, line 784]
Event: 0.543 Thread 0x000001d9db405350 Exception <a 'java/lang/NoSuchMethodError'{0x000000008a4653a0}: 'void java.lang.invoke.DirectMethodHandle$Holder.invokeVirtual(java.lang.Object, java.lang.Object)'> (0x000000008a4653a0) 
thrown [s\src\hotspot\share\interpreter\linkResolver.cpp, line 784]
Event: 0.684 Thread 0x000001d9db405350 Exception <a 'java/lang/NoSuchMethodError'{0x000000008af29378}: 'void java.lang.invoke.DirectMethodHandle$Holder.invokeInterface(java.lang.Object, java.lang.Object)'> (0x000000008af29378) 
thrown [s\src\hotspot\share\interpreter\linkResolver.cpp, line 784]
Event: 0.737 Thread 0x000001d9db405350 Exception <a 'java/lang/NoSuchMethodError'{0x000000008afd5060}: 'void java.lang.invoke.DirectMethodHandle$Holder.invokeStatic(java.lang.Object, java.lang.Object, java.lang.Object, java.lang.Object)'> (0x000000008afd5060) 
thrown [s\src\hotspot\share\interpreter\linkResolver.cpp, line 784]

ZGC Phase Switch (0 events):
No events

VM Operations (8 events):
Event: 0.105 Executing VM operation: HandshakeAllThreads (Deoptimize)
Event: 0.105 Executing VM operation: HandshakeAllThreads (Deoptimize) done
Event: 0.114 Executing VM operation: HandshakeAllThreads (Deoptimize)
Event: 0.114 Executing VM operation: HandshakeAllThreads (Deoptimize) done
Event: 0.293 Executing VM operation: HandshakeAllThreads (Deoptimize)
Event: 0.293 Executing VM operation: HandshakeAllThreads (Deoptimize) done
Event: 0.653 Executing VM operation: G1CollectForAllocation (G1 Evacuation Pause)
Event: 0.658 Executing VM operation: G1CollectForAllocation (G1 Evacuation Pause) done

Memory protections (0 events):
No events

Nmethod flushes (0 events):
No events

Events (20 events):
Event: 0.010 Thread 0x000001d9bfcef740 Thread added: 0x000001d9bfcef740
Event: 0.046 Thread 0x000001d9bfcef740 Thread added: 0x000001d9d6c27330
Event: 0.046 Thread 0x000001d9bfcef740 Thread added: 0x000001d9d6c01900
Event: 0.048 Thread 0x000001d9bfcef740 Thread added: 0x000001d9d6c02bc0
Event: 0.048 Thread 0x000001d9bfcef740 Thread added: 0x000001d9d6c03610
Event: 0.048 Thread 0x000001d9bfcef740 Thread added: 0x000001d9d6c47fe0
Event: 0.048 Thread 0x000001d9bfcef740 Thread added: 0x000001d9d6c0e360
Event: 0.048 Thread 0x000001d9bfcef740 Thread added: 0x000001d9d6c0ecf0
Event: 0.048 Thread 0x000001d9bfcef740 Thread added: 0x000001d9d6c65b10
Event: 0.076 Thread 0x000001d9bfcef740 Thread added: 0x000001d9d6e03e60
Event: 0.085 Thread 0x000001d9bfcef740 Thread added: 0x000001d9d6e15ec0
Event: 0.093 Loaded shared library C:\Program Files\Android\Android Studio1\jbr\bin\net.dll
Event: 0.095 Loaded shared library C:\Program Files\Android\Android Studio1\jbr\bin\nio.dll
Event: 0.101 Loaded shared library C:\Program Files\Android\Android Studio1\jbr\bin\zip.dll
Event: 0.167 Loaded shared library C:\Program Files\Android\Android Studio1\jbr\bin\jimage.dll
Event: 0.464 Loaded shared library C:\Program Files\Android\Android Studio1\jbr\bin\extnet.dll
Event: 0.469 Thread 0x000001d9bfcef740 Thread added: 0x000001d9db353140
Event: 0.535 Thread 0x000001d9db353140 Thread added: 0x000001d9db405350
Event: 0.550 Thread 0x000001d9db353140 Thread added: 0x000001d9db40adc0
Event: 0.592 Thread 0x000001d9d6c0ecf0 Thread added: 0x000001d9db40b820


Dynamic libraries:
0x00007ff69b0e0000 - 0x00007ff69b0ea000 	C:\Program Files\Android\Android Studio1\jbr\bin\java.exe
0x00007ffefffb0000 - 0x00007fff001c7000 	C:\WINDOWS\SYSTEM32\ntdll.dll
0x00007ffefdfe0000 - 0x00007ffefe0a4000 	C:\WINDOWS\System32\KERNEL32.DLL
0x00007ffefd740000 - 0x00007ffefdb12000 	C:\WINDOWS\System32\KERNELBASE.dll
0x00007ffefd180000 - 0x00007ffefd291000 	C:\WINDOWS\System32\ucrtbase.dll
0x00007ffee8960000 - 0x00007ffee897b000 	C:\Program Files\Android\Android Studio1\jbr\bin\VCRUNTIME140.dll
0x00007ffee6830000 - 0x00007ffee6848000 	C:\Program Files\Android\Android Studio1\jbr\bin\jli.dll
0x00007ffefdd50000 - 0x00007ffefdf01000 	C:\WINDOWS\System32\USER32.dll
0x00007ffefd150000 - 0x00007ffefd176000 	C:\WINDOWS\System32\win32u.dll
0x00007ffee7f70000 - 0x00007ffee820b000 	C:\WINDOWS\WinSxS\amd64_microsoft.windows.common-controls_6595b64144ccf1df_6.0.22621.5415_none_270d77d17387d7da\COMCTL32.dll
0x00007ffefe4c0000 - 0x00007ffefe567000 	C:\WINDOWS\System32\msvcrt.dll
0x00007ffeffcc0000 - 0x00007ffeffce9000 	C:\WINDOWS\System32\GDI32.dll
0x00007ffefd4a0000 - 0x00007ffefd5c3000 	C:\WINDOWS\System32\gdi32full.dll
0x00007ffefdba0000 - 0x00007ffefdc3a000 	C:\WINDOWS\System32\msvcp_win.dll
0x00007ffefe910000 - 0x00007ffefe941000 	C:\WINDOWS\System32\IMM32.DLL
0x00007ffee84a0000 - 0x00007ffee84ac000 	C:\Program Files\Android\Android Studio1\jbr\bin\vcruntime140_1.dll
0x00007ffeb6cc0000 - 0x00007ffeb6d4d000 	C:\Program Files\Android\Android Studio1\jbr\bin\msvcp140.dll
0x00007ffe9d2e0000 - 0x00007ffe9df6b000 	C:\Program Files\Android\Android Studio1\jbr\bin\server\jvm.dll
0x00007ffeff1f0000 - 0x00007ffeff2a1000 	C:\WINDOWS\System32\ADVAPI32.dll
0x00007ffefe970000 - 0x00007ffefea18000 	C:\WINDOWS\System32\sechost.dll
0x00007ffefd120000 - 0x00007ffefd148000 	C:\WINDOWS\System32\bcrypt.dll
0x00007ffefeff0000 - 0x00007ffeff104000 	C:\WINDOWS\System32\RPCRT4.dll
0x00007ffeffc40000 - 0x00007ffeffcb1000 	C:\WINDOWS\System32\WS2_32.dll
0x00007ffefcd10000 - 0x00007ffefcd5d000 	C:\WINDOWS\SYSTEM32\POWRPROF.dll
0x00007ffef47f0000 - 0x00007ffef47fa000 	C:\WINDOWS\SYSTEM32\VERSION.dll
0x00007ffefa5a0000 - 0x00007ffefa5d4000 	C:\WINDOWS\SYSTEM32\WINMM.dll
0x00007ffefcb00000 - 0x00007ffefcb13000 	C:\WINDOWS\SYSTEM32\UMPDC.dll
0x00007ffefc0d0000 - 0x00007ffefc0e8000 	C:\WINDOWS\SYSTEM32\kernel.appcore.dll
0x00007ffee7e90000 - 0x00007ffee7e9a000 	C:\Program Files\Android\Android Studio1\jbr\bin\jimage.dll
0x00007ffefa200000 - 0x00007ffefa433000 	C:\WINDOWS\SYSTEM32\DBGHELP.DLL
0x00007ffefe570000 - 0x00007ffefe903000 	C:\WINDOWS\System32\combase.dll
0x00007ffeff110000 - 0x00007ffeff1e7000 	C:\WINDOWS\System32\OLEAUT32.dll
0x00007ffefa5e0000 - 0x00007ffefa612000 	C:\WINDOWS\SYSTEM32\dbgcore.DLL
0x00007ffefd0a0000 - 0x00007ffefd11b000 	C:\WINDOWS\System32\bcryptPrimitives.dll
0x00007ffee77d0000 - 0x00007ffee77f0000 	C:\Program Files\Android\Android Studio1\jbr\bin\java.dll
0x00007ffed2820000 - 0x00007ffed2838000 	C:\Program Files\Android\Android Studio1\jbr\bin\zip.dll
0x00007ffeff2b0000 - 0x00007ffeffb52000 	C:\WINDOWS\System32\SHELL32.dll
0x00007ffefd360000 - 0x00007ffefd49f000 	C:\WINDOWS\System32\wintypes.dll
0x00007ffefafd0000 - 0x00007ffefb8ee000 	C:\WINDOWS\SYSTEM32\windows.storage.dll
0x00007ffeffd00000 - 0x00007ffeffe0b000 	C:\WINDOWS\System32\SHCORE.dll
0x00007ffeffb70000 - 0x00007ffeffbd9000 	C:\WINDOWS\System32\shlwapi.dll
0x00007ffefcfd0000 - 0x00007ffefcffb000 	C:\WINDOWS\SYSTEM32\profapi.dll
0x00007ffee7890000 - 0x00007ffee78a0000 	C:\Program Files\Android\Android Studio1\jbr\bin\net.dll
0x00007ffef9740000 - 0x00007ffef986c000 	C:\WINDOWS\SYSTEM32\WINHTTP.dll
0x00007ffefc550000 - 0x00007ffefc5b9000 	C:\WINDOWS\system32\mswsock.dll
0x00007ffed2220000 - 0x00007ffed2236000 	C:\Program Files\Android\Android Studio1\jbr\bin\nio.dll
0x00007ffefc7a0000 - 0x00007ffefc7bb000 	C:\WINDOWS\SYSTEM32\CRYPTSP.dll
0x00007ffefc030000 - 0x00007ffefc067000 	C:\WINDOWS\system32\rsaenh.dll
0x00007ffefc640000 - 0x00007ffefc668000 	C:\WINDOWS\SYSTEM32\USERENV.dll
0x00007ffefc7c0000 - 0x00007ffefc7cc000 	C:\WINDOWS\SYSTEM32\CRYPTBASE.dll
0x00007ffefbb90000 - 0x00007ffefbbbd000 	C:\WINDOWS\SYSTEM32\IPHLPAPI.DLL
0x00007ffefefe0000 - 0x00007ffefefe9000 	C:\WINDOWS\System32\NSI.dll
0x00007ffebb410000 - 0x00007ffebb418000 	C:\WINDOWS\system32\wshunix.dll
0x00007ffee7680000 - 0x00007ffee7689000 	C:\Program Files\Android\Android Studio1\jbr\bin\extnet.dll

dbghelp: loaded successfully - version: 4.0.5 - missing functions: none
symbol engine: initialized successfully - sym options: 0x614 - pdb path: .;C:\Program Files\Android\Android Studio1\jbr\bin;C:\WINDOWS\SYSTEM32;C:\WINDOWS\WinSxS\amd64_microsoft.windows.common-controls_6595b64144ccf1df_6.0.22621.5415_none_270d77d17387d7da;C:\Program Files\Android\Android Studio1\jbr\bin\server

VM Arguments:
java_command: git4idea.http.GitAskPassApp Username for 'https://github.com': 
java_class_path (initial): C:/Program Files/Android/Android Studio1/plugins/vcs-git/lib/git4idea-rt.jar;C:/Program Files/Android/Android Studio1/lib/externalProcess-rt.jar
Launcher Type: SUN_STANDARD

[Global flags]
     intx CICompilerCount                          = 3                                         {product} {ergonomic}
     uint ConcGCThreads                            = 1                                         {product} {ergonomic}
     uint G1ConcRefinementThreads                  = 4                                         {product} {ergonomic}
   size_t G1HeapRegionSize                         = 1048576                                   {product} {ergonomic}
    uintx GCDrainStackTargetSize                   = 64                                        {product} {ergonomic}
   size_t InitialHeapSize                          = 132120576                                 {product} {ergonomic}
   size_t MarkStackSize                            = 4194304                                   {product} {ergonomic}
   size_t MaxHeapSize                              = 2095054848                                {product} {ergonomic}
   size_t MaxNewSize                               = 1256194048                                {product} {ergonomic}
   size_t MinHeapDeltaBytes                        = 1048576                                   {product} {ergonomic}
   size_t MinHeapSize                              = 8388608                                   {product} {ergonomic}
    uintx NonNMethodCodeHeapSize                   = 5832780                                {pd product} {ergonomic}
    uintx NonProfiledCodeHeapSize                  = 122912730                              {pd product} {ergonomic}
    uintx ProfiledCodeHeapSize                     = 122912730                              {pd product} {ergonomic}
    uintx ReservedCodeCacheSize                    = 251658240                              {pd product} {ergonomic}
     bool SegmentedCodeCache                       = true                                      {product} {ergonomic}
   size_t SoftMaxHeapSize                          = 2095054848                             {manageable} {ergonomic}
     bool UseCompressedOops                        = true                           {product lp64_product} {ergonomic}
     bool UseG1GC                                  = true                                      {product} {ergonomic}
     bool UseLargePagesIndividualAllocation        = false                                  {pd product} {ergonomic}

Logging:
Log output configuration:
 #0: stdout all=warning uptime,level,tags foldmultilines=false
 #1: stderr all=off uptime,level,tags foldmultilines=false

Environment Variables:
PATH=C:\Program Files\Git\mingw64\libexec\git-core;C:\Program Files\Git\mingw64\libexec\git-core;C:\Program Files\Git\mingw64\bin;C:\Program Files\Git\usr\bin;C:\Users\shayne\bin;C:\Program Files (x86)\Common Files\Oracle\Java\javapath;C:\WINDOWS\system32;C:\WINDOWS;C:\WINDOWS\System32\Wbem;C:\WINDOWS\System32\WindowsPowerShell\v1.0;C:\WINDOWS\System32\OpenSSH;C:\Program Files\dotnet;C:\Program Files\Mongo\mongosh-2.0.0-win32-x64\bin;C:\Program Files\Git\cmd;C:\Program Files\nodejs;C:\Users\shayne\AppData\Local\Programs\Python\Launcher;C:\Users\shayne\AppData\Local\Microsoft\WindowsApps;C:\Users\shayne\AppData\Local\Programs\Microsoft VS Code\bin;C:\Program Files\JetBrains\PyCharm 2023.3.2\bin;C:\Program Files\JetBrains\IntelliJ IDEA Community Edition 2023.3.3\bin;C:\Program Files\JetBrains\PyCharm Community Edition 2023.3.3\bin;C:\Users\shayne\AppData\Roaming\npm
USERNAME=shayne
DISPLAY=:0.0
LC_ALL=en_US.UTF-8
TERM=xterm-256color
TMPDIR=C:\Users\shayne\AppData\Local\Temp
OS=Windows_NT
PROCESSOR_IDENTIFIER=Intel64 Family 6 Model 140 Stepping 1, GenuineIntel
TMP=C:\Users\shayne\AppData\Local\Temp
TEMP=C:\Users\shayne\AppData\Local\Temp




Periodic native trim disabled

JNI global refs:
JNI global refs: 19, weak refs: 0

JNI global refs memory usage: 835, weak refs: 833

Process memory usage:
Resident Set Size: 85352K (1% of 8183096K total physical memory with 1303332K free physical memory)

OOME stack traces (most recent first):
Classloader memory used:
Loader bootstrap                                                                       : 15149K
Loader jdk.internal.loader.ClassLoaders$PlatformClassLoader                            : 1783K
Loader jdk.internal.loader.ClassLoaders$AppClassLoader                                 : 16448B

---------------  S Y S T E M  ---------------

OS:
 Windows 11 , 64 bit Build 22621 (10.0.22621.5415)
OS uptime: 10 days 10:06 hours

CPU: total 4 (initial active 4) (2 cores per cpu, 2 threads per core) family 6 model 140 stepping 1 microcode 0x8a, cx8, cmov, fxsr, ht, mmx, 3dnowpref, sse, sse2, sse3, ssse3, sse4.1, sse4.2, popcnt, lzcnt, tsc, tscinvbit, avx, avx2, aes, erms, clmul, bmi1, bmi2, adx, avx512f, avx512dq, avx512cd, avx512bw, avx512vl, sha, fma, vzeroupper, avx512_vpopcntdq, avx512_vpclmulqdq, avx512_vaes, avx512_vnni, clflush, clflushopt, clwb, avx512_vbmi2, avx512_vbmi, rdtscp, rdpid, fsrm, gfni, avx512_bitalg, f16c, pku, cet_ibt, cet_ss, avx512_ifma
Processor Information for the first 4 processors :
  Max Mhz: 2995, Current Mhz: 2995, Mhz Limit: 2995

Memory: 4k page, system-wide physical 7991M (1272M free)
TotalPageFile size 32567M (AvailPageFile size 3M)
current process WorkingSet (physical memory assigned to process): 83M, peak: 84M
current process commit charge ("private bytes"): 221M, peak: 224M

vm_info: OpenJDK 64-Bit Server VM (21.0.6+-13355223-b631.42) for windows-amd64 JRE (21.0.6+-13355223-b631.42), built on 2025-04-14T18:21:23Z by "builder" with MS VC++ 16.10 / 16.11 (VS2019)

END.
